npm WARN employee-api@1.0.0 No repository field.

audited 268 packages in 1.819s

34 packages are looking for funding
  run `npm fund` for details

found 0 vulnerabilities

npm WARN employee-api@1.0.0 No repository field.

audited 268 packages in 1.955s

34 packages are looking for funding
  run `npm fund` for details

found 0 vulnerabilities

npm WARN employee-api@1.0.0 No repository field.

audited 268 packages in 2.045s

34 packages are looking for funding
  run `npm fund` for details

found 0 vulnerabilities

npm WARN employee-api@1.0.0 No repository field.

audited 268 packages in 1.942s

34 packages are looking for funding
  run `npm fund` for details

found 0 vulnerabilities

